<?xml version="1.0" encoding="UTF-8"?>
<testng-results ignored="0" total="1" passed="1" failed="0" skipped="0">
  <reporter-output>
  </reporter-output>
  <suite started-at="2023-02-08T16:44:55 IST" name="Default suite" finished-at="2023-02-08T16:45:24 IST" duration-ms="28922">
    <groups>
      <group name="cucumber">
        <method signature="AbstractTestNGCucumberTests.runScenario(io.cucumber.testng.PickleWrapper,io.cucumber.testng.FeatureWrapper)[pri:0, instance:testRunner.CucumberRunner@51fadaff]" name="runScenario" class="io.cucumber.testng.AbstractTestNGCucumberTests"/>
      </group> <!-- cucumber -->
    </groups>
    <test started-at="2023-02-08T16:44:55 IST" name="Default test" finished-at="2023-02-08T16:45:24 IST" duration-ms="28922">
      <class name="testRunner.CucumberRunner">
        <test-method is-config="true" signature="setUpClass(org.testng.ITestContext)[pri:0, instance:testRunner.CucumberRunner@51fadaff]" started-at="2023-02-08T16:44:55 IST" name="setUpClass" finished-at="2023-02-08T16:44:56 IST" duration-ms="425" status="PASS">
          <params>
            <param index="0">
              <value>
                <![CDATA[org.testng.TestRunner@91f565d]]>
              </value>
            </param>
          </params>
          <reporter-output>
          </reporter-output>
        </test-method> <!-- setUpClass -->
        <test-method signature="runScenario(io.cucumber.testng.PickleWrapper,io.cucumber.testng.FeatureWrapper)[pri:0, instance:testRunner.CucumberRunner@51fadaff]" started-at="2023-02-08T16:44:56 IST" name="runScenario" description="Runs Cucumber Scenarios" data-provider="scenarios" finished-at="2023-02-08T16:45:24 IST" duration-ms="28411" status="PASS">
          <params>
            <param index="0">
              <value>
                <![CDATA["Succesful login with valid credentials as parameters"]]>
              </value>
            </param>
            <param index="1">
              <value>
                <![CDATA["AdactinApp Login Feature"]]>
              </value>
            </param>
          </params>
          <reporter-output>
          </reporter-output>
        </test-method> <!-- runScenario -->
        <test-method is-config="true" signature="tearDownClass()[pri:0, instance:testRunner.CucumberRunner@51fadaff]" started-at="2023-02-08T16:45:24 IST" name="tearDownClass" finished-at="2023-02-08T16:45:24 IST" duration-ms="20" status="PASS">
          <reporter-output>
          </reporter-output>
        </test-method> <!-- tearDownClass -->
      </class> <!-- testRunner.CucumberRunner -->
    </test> <!-- Default test -->
  </suite> <!-- Default suite -->
</testng-results>
